[2026-05-21 09:56:33] Iniciando — data alvo: 20/05/2026
Buscando músicas de 2026-05-20...
  → 200 entradas encontradas.

Top 3 de 2026-05-20:
  • Down with the Sickness — Disturbed (2x)
  • Leave Me Alone — Michael Jackson (2x)
  • Like a Stone — Audioslave (1x)
  → /home/joao/ytmusic-commits/HISTÓRICO.md atualizado.

Concluído!
[2026-05-21 09:56:34] Sem alterações — nada a commitar.
[2026-05-21 10:06:06] Iniciando — data alvo: 20/05/2026
Buscando músicas de 2026-05-20...
  → 200 entradas encontradas.

Top 3 de 2026-05-20:
  • Down with the Sickness — Disturbed (2x)
  • Leave Me Alone — Michael Jackson (2x)
  • Like a Stone — Audioslave (1x)
  → /home/joao/ytmusic-commits/HISTÓRICO.md atualizado.

Concluído!
[2026-05-21 10:06:07] Commit criado.
To github.com:joojpa/ytmusic-commits.git
   5645169..5f82ae4  main -> main
[2026-05-21 10:06:13] ✅ Push realizado com sucesso!
[2026-05-21 10:41:22] Iniciando — data alvo: 20/05/2026
[2026-05-21 10:41:22] Iniciando — data alvo: 20/05/2026
Buscando scrobbles de 2026-05-20 no Last.fm...
  → 0 scrobbles encontrados.
Nenhum scrobble encontrado para ontem. O Web Scrobbler está ativo?
[2026-05-21 10:41:22] Sem alterações — nada a commitar.
[2026-05-21 10:41:22] Sem alterações — nada a commitar.
[2026-05-21 10:59:28] Iniciando — data alvo: 20/05/2026
[2026-05-21 10:59:28] Iniciando — data alvo: 20/05/2026
Buscando scrobbles de 2026-05-20 no Last.fm...
  → 0 scrobbles encontrados.
Nenhum scrobble encontrado para ontem. O Web Scrobbler está ativo?
[2026-05-21 10:59:28] Sem alterações — nada a commitar.
[2026-05-21 10:59:28] Sem alterações — nada a commitar.
[2026-05-22 23:38:11] Iniciando — data alvo: 21/05/2026
[2026-05-22 23:38:11] Iniciando — data alvo: 21/05/2026
Buscando scrobbles de 2026-05-21 no Last.fm...
  → 6 scrobbles encontrados.

Top 3 de 2026-05-21:
  • Thriller — Michael Jackson (2x)
  • mea culpa — LVCAS (2x)
  • Radio Ga Ga — Queen (1x)
  → /home/joao/ytmusic-commits/HISTÓRICO.md atualizado.

Concluído!
[main 450c8b8] 🎵 Top 3 músicas de 21/05/2026
 Date: Thu May 21 09:00:00 2026 -0300
 1 file changed, 5 insertions(+)
[2026-05-22 23:38:11] Commit criado.
[2026-05-22 23:38:11] Commit criado.
ssh_askpass: exec(/usr/lib/ssh/ssh-askpass): No such file or directory
git@github.com: Permission denied (publickey).
fatal: Could not read from remote repository.

Please make sure you have the correct access rights
and the repository exists.
[2026-05-22 23:38:12] ⚠️  Push falhou. Verifique as credenciais do GitHub.
[2026-05-22 23:38:12] ⚠️  Push falhou. Verifique as credenciais do GitHub.
[2026-05-23 10:57:58] Iniciando — data alvo: 22/05/2026
[2026-05-23 10:57:58] Iniciando — data alvo: 22/05/2026
Buscando scrobbles de 2026-05-22 no Last.fm...
  → 18 scrobbles encontrados.

Top 3 de 2026-05-22:
  • Prison Song — System of a Down (3x)
  • Black Rover — VK Blanka (3x)
  • Hail to the King — Avenged Sevenfold (3x)
  → /home/joao/ytmusic-commits/HISTÓRICO.md atualizado.

Concluído!
[main f0d3b67] 🎵 Top 3 músicas de 22/05/2026
 Date: Fri May 22 09:00:00 2026 -0300
 1 file changed, 5 insertions(+)
[2026-05-23 10:57:59] Commit criado.
[2026-05-23 10:57:59] Commit criado.
ssh_askpass: exec(/usr/lib/ssh/ssh-askpass): No such file or directory
git@github.com: Permission denied (publickey).
fatal: Could not read from remote repository.

Please make sure you have the correct access rights
and the repository exists.
[2026-05-23 10:58:00] ⚠️  Push falhou. Verifique as credenciais do GitHub.
[2026-05-23 10:58:00] ⚠️  Push falhou. Verifique as credenciais do GitHub.
[2026-05-23 12:19:41] Iniciando — data alvo: 22/05/2026
[2026-05-23 12:19:41] Iniciando — data alvo: 22/05/2026
Buscando scrobbles de 2026-05-22 no Last.fm...
  → 18 scrobbles encontrados.

Top 3 de 2026-05-22:
  • Prison Song — System of a Down (3x)
  • Black Rover — VK Blanka (3x)
  • Hail to the King — Avenged Sevenfold (3x)
  → /home/joao/ytmusic-commits/HISTÓRICO.md atualizado.

Concluído!
[main c01a491] 🎵 Top 3 músicas de 22/05/2026
 Date: Fri May 22 09:00:00 2026 -0300
 1 file changed, 5 insertions(+)
[2026-05-23 12:19:41] Commit criado.
[2026-05-23 12:19:41] Commit criado.
ssh_askpass: exec(/usr/lib/ssh/ssh-askpass): No such file or directory
git@github.com: Permission denied (publickey).
fatal: Could not read from remote repository.

Please make sure you have the correct access rights
and the repository exists.
[2026-05-23 12:19:42] ⚠️  Push falhou. Verifique as credenciais do GitHub.
[2026-05-23 12:19:42] ⚠️  Push falhou. Verifique as credenciais do GitHub.
[2026-05-23 19:08:21] Iniciando — data alvo: 22/05/2026
[2026-05-23 19:08:21] Iniciando — data alvo: 22/05/2026
Buscando scrobbles de 2026-05-22 no Last.fm...
  → 18 scrobbles encontrados.

Top 3 de 2026-05-22:
  • Prison Song — System of a Down (3x)
  • Black Rover — VK Blanka (3x)
  • Hail to the King — Avenged Sevenfold (3x)
  → /home/joao/ytmusic-commits/HISTÓRICO.md atualizado.

Concluído!
[main fc64362] 🎵 Top 3 músicas de 22/05/2026
 Date: Fri May 22 09:00:00 2026 -0300
 1 file changed, 5 insertions(+)
[2026-05-23 19:08:22] Commit criado.
[2026-05-23 19:08:22] Commit criado.
ssh_askpass: exec(/usr/lib/ssh/ssh-askpass): No such file or directory
git@github.com: Permission denied (publickey).
fatal: Could not read from remote repository.

Please make sure you have the correct access rights
and the repository exists.
[2026-05-23 19:08:23] ⚠️  Push falhou. Verifique as credenciais do GitHub.
[2026-05-23 19:08:23] ⚠️  Push falhou. Verifique as credenciais do GitHub.
[2026-05-24 11:45:24] Iniciando — data alvo: 23/05/2026
[2026-05-24 11:45:24] Iniciando — data alvo: 23/05/2026
Buscando scrobbles de 2026-05-23 no Last.fm...
  → 0 scrobbles encontrados.
Nenhum scrobble encontrado para ontem. O Web Scrobbler está ativo?
[2026-05-24 11:45:24] Sem alterações — nada a commitar.
[2026-05-24 11:45:24] Sem alterações — nada a commitar.
[2026-05-26 10:45:27] Iniciando — data alvo: 25/05/2026
[2026-05-26 10:45:27] Iniciando — data alvo: 25/05/2026
Buscando scrobbles de 2026-05-25 no Last.fm...
  → 0 scrobbles encontrados.
Nenhum scrobble encontrado para ontem. O Web Scrobbler está ativo?
[2026-05-26 10:45:28] Sem alterações — nada a commitar.
[2026-05-26 10:45:28] Sem alterações — nada a commitar.
